2024-05-29 13:23:29.678 - Create display
> Start Eclipse IDE UI [org.eclipse.ui.ide 3.18.300.v20210817-1731]
2024-05-29 13:23:29.752 - DBeaver 21.3.0.202111281534 is starting
2024-05-29 13:23:29.753 - OS: Windows 10 10.0 (amd64)
2024-05-29 13:23:29.753 - Java version: 11.0.12 by Eclipse Foundation (64bit)
2024-05-29 13:23:29.754 - Install path: 'C:\(hds)web_1900_ede\dbms\oracle\resource\dbeaver'
2024-05-29 13:23:29.754 - Instance path: 'file:/E:/코딩/web(kys)/web_1900_d/dbms/workspace/'
2024-05-29 13:23:29.754 - Memory available 64Mb/1024Mb
2024-05-29 13:23:29.797 - Starting RMI server at 37370
2024-05-29 13:23:29.873 - Run workbench
> Start Eclipse e4 작업영역 SWT [org.eclipse.e4.ui.workbench.swt 0.16.200.v20210723-1326]
> Start Eclipse 응용 프로그램 서비스 [org.eclipse.e4.core.services 2.3.0.v20210723-1034]
> Start Eclipse 사용자 인터페이스 응용 프로그램 서비스 [org.eclipse.e4.ui.services 1.5.0.v20210115-1333]
> Start EMF XML/XMI 퍼시스턴스 [org.eclipse.emf.ecore.xmi 2.16.0.v20190528-0725]
> Start Eclipse CSS SWT 테마 지원 [org.eclipse.e4.ui.css.swt.theme 0.13.0.v20201026-1147]
> Start Eclipse e4 작업영역 기능 추가 [org.eclipse.e4.ui.workbench.addons.swt 1.4.300.v20210813-1521]
> Start Eclipse e4 작업영역 SWT 렌더러 [org.eclipse.e4.ui.workbench.renderers.swt 0.15.200.v20210816-1658]
> Start Eclipse 바인딩 지원 [org.eclipse.e4.ui.bindings 0.13.100.v20210722-1426]
> Start Eclipse 의존성 삽입 확장 [org.eclipse.e4.core.di.extensions 0.17.0.v20210625-1052]
> Start Eclipse CSS SWT 지원 [org.eclipse.e4.ui.css.swt 0.14.300.v20210723-0837]
> Start Java Native Access [com.sun.jna 5.8.0.v20210503-0343]
> Start DBeaver UI [org.jkiss.dbeaver.ui 5.1.85.202111281534]
2024-05-29 13:23:32.125 - Configure workbench window
> Start 도움말 시스템 코어 [org.eclipse.help 3.9.100.v20210721-0601]
2024-05-29 13:23:32.652 - Create actions
2024-05-29 13:23:32.656 - Disable Eclipse action set 'org.eclipse.ui.edit.text.actionSet.annotationNavigation'
2024-05-29 13:23:32.657 - Disable Eclipse action set 'org.eclipse.ui.WorkingSetActionSet'
2024-05-29 13:23:32.657 - Disable Eclipse action set 'org.eclipse.ui.actionSet.openFiles'
2024-05-29 13:23:33.010 - Initialize workbench window
2024-05-29 13:23:33.015 - Finish initialization
> Start DBeaver UI Editors - Base [org.jkiss.dbeaver.ui.editors.base 1.0.70.202111281534]
> Start 기본 문서 편집기 [org.eclipse.ui.editors 3.14.200.v20210622-1002]
> Start 텍스트 편집기 프레임워크 [org.eclipse.ui.workbench.texteditor 3.16.200.v20210724-2153]
> Start DBeaver SQL Model [org.jkiss.dbeaver.model.sql 1.0.60.202111281534]
Warning: NLS unused message: actions_navigator__objects in: org.jkiss.dbeaver.ui.editors.sql.internal.SQLEditorMessages
> Start DBeaver UI Editors - SQL [org.jkiss.dbeaver.ui.editors.sql 1.0.70.202111281534]
> Start 팀 지원 핵심 [org.eclipse.team.core 3.9.100.v20210604-1207]
> Start 핵심 비교 지원 [org.eclipse.compare.core 3.6.1000.v20201020-1107]
> Start Equinox Java 인증 및 권한 부여 서비스 (JAAS) [org.eclipse.equinox.security 1.3.700.v20210726-0943]
> Start 인터넷 연결 관리 사용자 인터페이스 [org.eclipse.ui.net 1.4.0.v20210426-0838]
> Start 인터넷 연결 관리 [org.eclipse.core.net 1.3.1100.v20210424-0724]
2024-05-29 13:23:34.329 - Script dialect 'oceanbase' not found in registry (for data source provider oceanbase). Use default.
2024-05-29 13:23:34.335 - Total database drivers: 93 (93)
> Start DBeaver UI Editors - Data [org.jkiss.dbeaver.ui.editors.data 1.0.70.202111281534]
> Start DBeaver Sample Database [org.jkiss.dbeaver.ext.sample.database 1.0.107.202111281534]
> Start DBeaver Tip of the day [org.jkiss.dbeaver.ext.ui.tipoftheday 1.0.76.202111281534]
> Start Draw2d [org.eclipse.draw2dl 3.12.100.20211006155649]
> Start GEF3 GEF (MVC) [org.eclipse.gef3 3.12.100.20211006155649]
> Start DBeaver ERD UI [org.jkiss.dbeaver.erd.ui 3.0.30.202111281534]
> Start DBeaver ERD Model [org.jkiss.dbeaver.erd.model 1.0.30.202111281534]
> Start 콘솔 [org.eclipse.ui.console 3.11.100.v20210721-1355]
> Start 디버그 핵심 [org.eclipse.debug.core 3.18.200.v20210721-1355]
2024-05-29 13:24:10.952 - Connect with 'localhost' (oracle_thin-18c632e1575-6c34538d81af412f)
> Start DBeaver Oracle Support [org.jkiss.dbeaver.ext.oracle 2.1.155.202111281534]
2024-05-29 13:24:10.987 - Execution context opened (localhost; Main; 0)
> Start DBeaver UI Editors - Connections [org.jkiss.dbeaver.ui.editors.connection 1.0.61.202111281534]
2024-05-29 13:24:15.905 - Open [https://repo1.maven.org/maven2/com/oracle/database/jdbc/ojdbc8/12.2.0.1/ojdbc8-12.2.0.1.jar]
2024-05-29 13:24:18.732 - Open [https://repo1.maven.org/maven2/com/oracle/database/jdbc/ucp/12.2.0.1/ucp-12.2.0.1.jar]
2024-05-29 13:24:18.986 - Open [https://repo1.maven.org/maven2/com/oracle/database/security/oraclepki/12.2.0.1/oraclepki-12.2.0.1.jar]
2024-05-29 13:24:19.178 - Open [https://repo1.maven.org/maven2/com/oracle/database/security/osdt_cert/12.2.0.1/osdt_cert-12.2.0.1.jar]
2024-05-29 13:24:19.376 - Open [https://repo1.maven.org/maven2/com/oracle/database/security/osdt_core/12.2.0.1/osdt_core-12.2.0.1.jar]
2024-05-29 13:24:19.576 - Open [https://repo1.maven.org/maven2/com/oracle/database/ha/simplefan/12.2.0.1/simplefan-12.2.0.1.jar]
2024-05-29 13:24:19.760 - Open [https://repo1.maven.org/maven2/com/oracle/database/ha/ons/12.2.0.1/ons-12.2.0.1.jar]
2024-05-29 13:24:19.945 - Open [https://repo1.maven.org/maven2/com/oracle/database/nls/orai18n/12.2.0.1/orai18n-12.2.0.1.jar]
2024-05-29 13:24:20.218 - Open [https://repo1.maven.org/maven2/com/oracle/database/xml/xdb6/12.2.0.1/xdb6-12.2.0.1.jar]
2024-05-29 13:24:20.413 - Open [https://repo1.maven.org/maven2/com/oracle/database/xml/xmlparserv2/12.2.0.1/xmlparserv2-12.2.0.1.jar]
2024-05-29 13:24:21.398 - Execution context opened (localhost; Metadata; 1)
2024-05-29 13:24:21.459 - Connected (oracle_thin-18c632e1575-6c34538d81af412f, Oracle JDBC driver [12.2.0.1.0])
2024-05-29 13:24:21.491 - Execution context opened (localhost; SQLEditor <Script.sql>; 2)
2024-05-29 13:25:14.171 - Execution context closed (localhost, 2)
2024-05-29 13:25:14.935 - DBeaver is stopping
2024-05-29 13:25:14.936 - Stop RMI server
2024-05-29 13:25:14.941 - RMI controller has been stopped
2024-05-29 13:25:15.045 - DBeaver shutdown completed
