2024-01-03 21:18:37.752 - DBeaver 23.3.0.202312122044 is starting
2024-01-03 21:18:37.752 - OS: Windows 10 10.0 (amd64)
2024-01-03 21:18:37.753 - Java version: 17.0.6 by Eclipse Adoptium (64bit)
2024-01-03 21:18:37.753 - Install path: 'D:\web_1900_d\dbms\resource\dbeaver'
2024-01-03 21:18:37.753 - Instance path: 'file:/D:/web_1900_d/dbms/workspace/'
2024-01-03 21:18:37.753 - Memory available 64Mb/1024Mb
2024-01-03 21:18:37.763 - Create display
2024-01-03 21:18:37.895 - Initializing DBeaver 23.3.0
2024-01-03 21:18:37.896 - Host plugin: org.jkiss.dbeaver.ui.app.standalone 23.3.0.202312122044
2024-01-03 21:18:37.896 - Initialize desktop platform...
2024-01-03 21:18:38.039 - BounceCastle bundle found. Use JCE provider BC
> Start Core File Systems [org.eclipse.core.filesystem 1.10.100.v20230717-1727]
> Start Core Resource Management [org.eclipse.core.resources 3.19.100.v20230814-1312]
> Start 팀 지원 핵심 [org.eclipse.team.core 3.10.100.v20230726-0617]
> Start DBeaver UI Navigator [org.jkiss.dbeaver.ui.navigator 1.0.120.202312122044]
2024-01-03 21:18:38.343 - Initialize base platform...
2024-01-03 21:18:38.361 - Platform initialized (465ms)
2024-01-03 21:18:38.398 - Starting instance server at http://localhost:54018
2024-01-03 21:18:38.416 - Run workbench
> Start DBeaver UI [org.jkiss.dbeaver.ui 5.1.135.202312122044]
> Start Eclipse e4 작업영역 SWT [org.eclipse.e4.ui.workbench.swt 0.17.100.v20230727-0604]
> Start Eclipse Application Services [org.eclipse.e4.core.services 2.4.100.v20230708-0809]
> Start Eclipse UI Application Services [org.eclipse.e4.ui.services 1.6.100.v20230630-1554]
> Start Eclipse e4 Progress View [org.eclipse.e4.ui.progress 0.4.100.v20230727-0604]
> Start Eclipse Bindings Support [org.eclipse.e4.ui.bindings 0.14.100.v20230630-1554]
> Start Eclipse e4 core commands [org.eclipse.e4.core.commands 1.1.100.v20230630-1554]
> Start EMF XML/XMI Persistence [org.eclipse.emf.ecore.xmi 2.35.0.v20230801-1141]
> Start Eclipse CSS SWT Theme Support [org.eclipse.e4.ui.css.swt.theme 0.14.100.v20230727-0604]
> Start Eclipse e4 작업영역 기능 추가 [org.eclipse.e4.ui.workbench.addons.swt 1.5.100.v20230727-0604]
> Start Eclipse e4 작업영역 SWT 렌더러 [org.eclipse.e4.ui.workbench.renderers.swt 0.16.100.v20230801-1255]
> Start Eclipse Dependency Injection Extensions [org.eclipse.e4.core.di.extensions 0.18.0.v20230429-1914]
> Start Eclipse CSS SWT Support [org.eclipse.e4.ui.css.swt 0.15.100.v20230727-0604]
> Start jna [com.sun.jna 5.13.0.v20230812-1000]
Warning: NLS unused message: BlockedJobsDialog_UserInterfaceTreeElement in: org.eclipse.ui.internal.progress.messages
2024-01-03 21:18:45.237 - Configure workbench window
> Start DBeaver SQL Model [org.jkiss.dbeaver.model.sql 1.0.110.202312122044]
2024-01-03 21:18:45.372 - Total database drivers: 108 (108)
> Start 도움말 시스템 코어 [org.eclipse.help 3.10.100.v20230726-0617]
2024-01-03 21:18:45.519 - Create actions
2024-01-03 21:18:45.523 - Disable Eclipse action set 'org.eclipse.ui.edit.text.actionSet.annotationNavigation'
2024-01-03 21:18:45.524 - Disable Eclipse action set 'org.eclipse.ui.WorkingSetActionSet'
2024-01-03 21:18:45.524 - Disable Eclipse action set 'org.eclipse.ui.actionSet.openFiles'
2024-01-03 21:18:45.876 - Initialize workbench window
2024-01-03 21:18:45.880 - Finish initialization
> Start 기본 문서 편집기 [org.eclipse.ui.editors 3.17.0.v20230821-1342]
> Start 텍스트 편집기 프레임워크 [org.eclipse.ui.workbench.texteditor 3.17.100.v20230821-0745]
> Start DBeaver UI Editors - Data [org.jkiss.dbeaver.ui.editors.data 1.0.120.202312122044]
Warning: NLS unused message: actions_navigator__objects in: org.jkiss.dbeaver.ui.editors.sql.internal.SQLEditorMessages
> Start DBeaver UI Editors - SQL [org.jkiss.dbeaver.ui.editors.sql 1.0.120.202312122044]
> Start DBeaver SQL Terminal [org.jkiss.dbeaver.ui.editors.sql.terminal 1.0.96.202312122044]
> Start 핵심 비교 지원 [org.eclipse.compare.core 3.8.100.v20230726-0617]
> Start 인터넷 연결 관리 사용자 인터페이스 [org.eclipse.ui.net 1.5.100.v20230726-0617]
> Start Internet Connection Management [org.eclipse.core.net 1.5.100.v20230630-1232]
> Start DBeaver Sample Database [org.jkiss.dbeaver.ext.sample.database 1.0.157.202312122044]
> Start DBeaver Tip of the day [org.jkiss.dbeaver.ext.ui.tipoftheday 1.0.126.202312122044]
> Start GEF Classic Draw2d [org.eclipse.draw2d 3.14.0.202308311129]
> Start GEF Classic GEF (MVC) [org.eclipse.gef 3.15.0.202308311129]
> Start DBeaver ERD UI [org.jkiss.dbeaver.erd.ui 3.0.80.202312122044]
> Start DBeaver ERD Model [org.jkiss.dbeaver.erd.model 1.0.80.202312122044]
> Start DBeaver JDBC Model [org.jkiss.dbeaver.model.jdbc 1.0.13.202312122044]
> Start DBeaver Oracle Model [org.jkiss.dbeaver.ext.oracle 2.1.205.202312122044]
> Start 콘솔 [org.eclipse.ui.console 3.13.0.v20230726-0617]
Warning: NLS unused message: InputStreamMonitor_label in: org.eclipse.debug.internal.core.DebugCoreMessages
Warning: NLS unused message: OutputStreamMonitor_label in: org.eclipse.debug.internal.core.DebugCoreMessages
> Start 디버그 핵심 [org.eclipse.debug.core 3.21.100.v20230731-1425]
2024-01-03 21:18:48.229 - Connect with 'localhost' (oracle_thin-18c632e1575-6c34538d81af412f)
2024-01-03 21:18:48.255 - Execution context opened (localhost; Main; 0)
2024-01-03 21:18:48.510 - Execution context opened (localhost; Metadata; 1)
2024-01-03 21:18:48.553 - Connected (oracle_thin-18c632e1575-6c34538d81af412f, Oracle JDBC driver [11.2.0.2.0])
2024-01-03 21:18:48.556 - Execution context opened (localhost; SQLEditor <day12.sql>; 2)
> Start DBeaver Tasks - Native Tools UI [org.jkiss.dbeaver.tasks.native.ui 1.0.98.202312122044]
> Start DBeaver Oracle UI [org.jkiss.dbeaver.ext.oracle.ui 1.0.107.202312122044]
> Start DBeaver Tasks - General UI [org.jkiss.dbeaver.tasks.ui 1.0.98.202312122044]
2024-01-03 21:18:55.659 - Execution context opened (localhost; SQLEditor <Script.sql>; 3)
> Start DBeaver SQL Language Semantic Model [org.jkiss.dbeaver.model.lsm 1.0.15.202312122044]
> Start DBeaver SQL Server Model [org.jkiss.dbeaver.ext.mssql 1.0.214.202312122044]
> Start DBeaver SQLite Model [org.jkiss.dbeaver.ext.sqlite 1.0.169.202312122044]
> Start DBeaver Generic Plug-in [org.jkiss.dbeaver.ext.generic 2.3.206.202312122044]
2024-01-03 21:23:49.914 - Error binding callable statement parameters from metadata: 지원되지 않는 기능입니다
2024-01-03 21:23:49.915 - Error obtaining output parameters from metadata: 지원되지 않는 기능입니다
2024-01-03 21:23:49.915 - Can't obtain procedure metadata nor jdbc metadata
2024-01-03 21:23:50.340 - SQL Error [901] [42000]: ORA-00901: invalid CREATE command


Error position: line: 4 pos: 7
org.jkiss.dbeaver.model.sql.DBSQLException: SQL Error [901] [42000]: ORA-00901: invalid CREATE command

	at org.jkiss.dbeaver.model.impl.jdbc.exec.JDBCStatementImpl.executeStatement(JDBCStatementImpl.java:133)
	at org.jkiss.dbeaver.ui.editors.sql.execute.SQLQueryJob.executeStatement(SQLQueryJob.java:607)
	at org.jkiss.dbeaver.ui.editors.sql.execute.SQLQueryJob.lambda$1(SQLQueryJob.java:510)
	at org.jkiss.dbeaver.model.exec.DBExecUtils.tryExecuteRecover(DBExecUtils.java:190)
	at org.jkiss.dbeaver.ui.editors.sql.execute.SQLQueryJob.executeSingleQuery(SQLQueryJob.java:517)
	at org.jkiss.dbeaver.ui.editors.sql.execute.SQLQueryJob.extractData(SQLQueryJob.java:971)
	at org.jkiss.dbeaver.ui.editors.sql.SQLEditor$QueryResultsContainer.readData(SQLEditor.java:4135)
	at org.jkiss.dbeaver.ui.controls.resultset.ResultSetJobDataRead.lambda$0(ResultSetJobDataRead.java:123)
	at org.jkiss.dbeaver.model.exec.DBExecUtils.tryExecuteRecover(DBExecUtils.java:190)
	at org.jkiss.dbeaver.ui.controls.resultset.ResultSetJobDataRead.run(ResultSetJobDataRead.java:121)
	at org.jkiss.dbeaver.ui.controls.resultset.ResultSetViewer$ResultSetDataPumpJob.run(ResultSetViewer.java:5150)
	at org.jkiss.dbeaver.model.runtime.AbstractJob.run(AbstractJob.java:105)
	at org.eclipse.core.internal.jobs.Worker.run(Worker.java:63)
Caused by: java.sql.SQLSyntaxErrorException: ORA-00901: invalid CREATE command

	at oracle.jdbc.driver.T4CTTIoer.processError(T4CTTIoer.java:440)
	at oracle.jdbc.driver.T4CTTIoer.processError(T4CTTIoer.java:396)
	at oracle.jdbc.driver.T4C8Oall.processError(T4C8Oall.java:837)
	at oracle.jdbc.driver.T4CTTIfun.receive(T4CTTIfun.java:445)
	at oracle.jdbc.driver.T4CTTIfun.doRPC(T4CTTIfun.java:191)
	at oracle.jdbc.driver.T4C8Oall.doOALL(T4C8Oall.java:523)
	at oracle.jdbc.driver.T4CStatement.doOall8(T4CStatement.java:193)
	at oracle.jdbc.driver.T4CStatement.executeForRows(T4CStatement.java:999)
	at oracle.jdbc.driver.OracleStatement.doExecuteWithTimeout(OracleStatement.java:1315)
	at oracle.jdbc.driver.OracleStatement.executeInternal(OracleStatement.java:1890)
	at oracle.jdbc.driver.OracleStatement.execute(OracleStatement.java:1855)
	at oracle.jdbc.driver.OracleStatementWrapper.execute(OracleStatementWrapper.java:304)
	at org.jkiss.dbeaver.model.impl.jdbc.exec.JDBCStatementImpl.execute(JDBCStatementImpl.java:330)
	at org.jkiss.dbeaver.model.impl.jdbc.exec.JDBCStatementImpl.executeStatement(JDBCStatementImpl.java:131)
	... 12 more
2024-01-03 21:28:41.729 - SQL Error [907] [42000]: ORA-00907: missing right parenthesis

org.jkiss.dbeaver.model.sql.DBSQLException: SQL Error [907] [42000]: ORA-00907: missing right parenthesis

	at org.jkiss.dbeaver.model.impl.jdbc.exec.JDBCStatementImpl.executeStatement(JDBCStatementImpl.java:133)
	at org.jkiss.dbeaver.ui.editors.sql.execute.SQLQueryJob.executeStatement(SQLQueryJob.java:607)
	at org.jkiss.dbeaver.ui.editors.sql.execute.SQLQueryJob.lambda$1(SQLQueryJob.java:510)
	at org.jkiss.dbeaver.model.exec.DBExecUtils.tryExecuteRecover(DBExecUtils.java:190)
	at org.jkiss.dbeaver.ui.editors.sql.execute.SQLQueryJob.executeSingleQuery(SQLQueryJob.java:517)
	at org.jkiss.dbeaver.ui.editors.sql.execute.SQLQueryJob.extractData(SQLQueryJob.java:971)
	at org.jkiss.dbeaver.ui.editors.sql.SQLEditor$QueryResultsContainer.readData(SQLEditor.java:4135)
	at org.jkiss.dbeaver.ui.controls.resultset.ResultSetJobDataRead.lambda$0(ResultSetJobDataRead.java:123)
	at org.jkiss.dbeaver.model.exec.DBExecUtils.tryExecuteRecover(DBExecUtils.java:190)
	at org.jkiss.dbeaver.ui.controls.resultset.ResultSetJobDataRead.run(ResultSetJobDataRead.java:121)
	at org.jkiss.dbeaver.ui.controls.resultset.ResultSetViewer$ResultSetDataPumpJob.run(ResultSetViewer.java:5150)
	at org.jkiss.dbeaver.model.runtime.AbstractJob.run(AbstractJob.java:105)
	at org.eclipse.core.internal.jobs.Worker.run(Worker.java:63)
Caused by: java.sql.SQLSyntaxErrorException: ORA-00907: missing right parenthesis

	at oracle.jdbc.driver.T4CTTIoer.processError(T4CTTIoer.java:440)
	at oracle.jdbc.driver.T4CTTIoer.processError(T4CTTIoer.java:396)
	at oracle.jdbc.driver.T4C8Oall.processError(T4C8Oall.java:837)
	at oracle.jdbc.driver.T4CTTIfun.receive(T4CTTIfun.java:445)
	at oracle.jdbc.driver.T4CTTIfun.doRPC(T4CTTIfun.java:191)
	at oracle.jdbc.driver.T4C8Oall.doOALL(T4C8Oall.java:523)
	at oracle.jdbc.driver.T4CStatement.doOall8(T4CStatement.java:193)
	at oracle.jdbc.driver.T4CStatement.executeForRows(T4CStatement.java:999)
	at oracle.jdbc.driver.OracleStatement.doExecuteWithTimeout(OracleStatement.java:1315)
	at oracle.jdbc.driver.OracleStatement.executeInternal(OracleStatement.java:1890)
	at oracle.jdbc.driver.OracleStatement.execute(OracleStatement.java:1855)
	at oracle.jdbc.driver.OracleStatementWrapper.execute(OracleStatementWrapper.java:304)
	at org.jkiss.dbeaver.model.impl.jdbc.exec.JDBCStatementImpl.execute(JDBCStatementImpl.java:330)
	at org.jkiss.dbeaver.model.impl.jdbc.exec.JDBCStatementImpl.executeStatement(JDBCStatementImpl.java:131)
	... 12 more
2024-01-03 21:28:41.817 - Error binding callable statement parameters from metadata: 지원되지 않는 기능입니다
2024-01-03 21:28:41.817 - Error obtaining output parameters from metadata: 지원되지 않는 기능입니다
2024-01-03 21:28:41.817 - Can't obtain procedure metadata nor jdbc metadata
2024-01-03 21:29:36.653 - SQL Error [907] [42000]: ORA-00907: missing right parenthesis

org.jkiss.dbeaver.model.sql.DBSQLException: SQL Error [907] [42000]: ORA-00907: missing right parenthesis

	at org.jkiss.dbeaver.model.impl.jdbc.exec.JDBCStatementImpl.executeStatement(JDBCStatementImpl.java:133)
	at org.jkiss.dbeaver.ui.editors.sql.execute.SQLQueryJob.executeStatement(SQLQueryJob.java:607)
	at org.jkiss.dbeaver.ui.editors.sql.execute.SQLQueryJob.lambda$1(SQLQueryJob.java:510)
	at org.jkiss.dbeaver.model.exec.DBExecUtils.tryExecuteRecover(DBExecUtils.java:190)
	at org.jkiss.dbeaver.ui.editors.sql.execute.SQLQueryJob.executeSingleQuery(SQLQueryJob.java:517)
	at org.jkiss.dbeaver.ui.editors.sql.execute.SQLQueryJob.extractData(SQLQueryJob.java:971)
	at org.jkiss.dbeaver.ui.editors.sql.SQLEditor$QueryResultsContainer.readData(SQLEditor.java:4135)
	at org.jkiss.dbeaver.ui.controls.resultset.ResultSetJobDataRead.lambda$0(ResultSetJobDataRead.java:123)
	at org.jkiss.dbeaver.model.exec.DBExecUtils.tryExecuteRecover(DBExecUtils.java:190)
	at org.jkiss.dbeaver.ui.controls.resultset.ResultSetJobDataRead.run(ResultSetJobDataRead.java:121)
	at org.jkiss.dbeaver.ui.controls.resultset.ResultSetViewer$ResultSetDataPumpJob.run(ResultSetViewer.java:5150)
	at org.jkiss.dbeaver.model.runtime.AbstractJob.run(AbstractJob.java:105)
	at org.eclipse.core.internal.jobs.Worker.run(Worker.java:63)
Caused by: java.sql.SQLSyntaxErrorException: ORA-00907: missing right parenthesis

	at oracle.jdbc.driver.T4CTTIoer.processError(T4CTTIoer.java:440)
	at oracle.jdbc.driver.T4CTTIoer.processError(T4CTTIoer.java:396)
	at oracle.jdbc.driver.T4C8Oall.processError(T4C8Oall.java:837)
	at oracle.jdbc.driver.T4CTTIfun.receive(T4CTTIfun.java:445)
	at oracle.jdbc.driver.T4CTTIfun.doRPC(T4CTTIfun.java:191)
	at oracle.jdbc.driver.T4C8Oall.doOALL(T4C8Oall.java:523)
	at oracle.jdbc.driver.T4CStatement.doOall8(T4CStatement.java:193)
	at oracle.jdbc.driver.T4CStatement.executeForRows(T4CStatement.java:999)
	at oracle.jdbc.driver.OracleStatement.doExecuteWithTimeout(OracleStatement.java:1315)
	at oracle.jdbc.driver.OracleStatement.executeInternal(OracleStatement.java:1890)
	at oracle.jdbc.driver.OracleStatement.execute(OracleStatement.java:1855)
	at oracle.jdbc.driver.OracleStatementWrapper.execute(OracleStatementWrapper.java:304)
	at org.jkiss.dbeaver.model.impl.jdbc.exec.JDBCStatementImpl.execute(JDBCStatementImpl.java:330)
	at org.jkiss.dbeaver.model.impl.jdbc.exec.JDBCStatementImpl.executeStatement(JDBCStatementImpl.java:131)
	... 12 more
2024-01-03 21:29:36.744 - Error binding callable statement parameters from metadata: 지원되지 않는 기능입니다
2024-01-03 21:29:36.745 - Error obtaining output parameters from metadata: 지원되지 않는 기능입니다
2024-01-03 21:29:36.745 - Can't obtain procedure metadata nor jdbc metadata
2024-01-03 21:53:16.584 - Execution context closed (localhost, 2)
2024-01-03 21:53:16.637 - Execution context closed (localhost, 3)
2024-01-03 21:53:16.855 - DBeaver is stopping
2024-01-03 21:53:16.857 - Stop instance server
2024-01-03 21:53:17.857 - DBeaver shutdown completed
